

***********************************************************************
Fatal NI connect error 12514, connecting to:
 (DESCRIPTION=(ADDRESS=(PROTOCOL=TCP)(HOST=dm02-scan)(PORT=1521))(CONNECT_DATA=(SERVICE_NAME=drclient.targetbase.pvt)(CID=(PROGRAM=sqlplus)(HOST=Andys-MacBook-Pro-3.local)(USER=acolvin))))

  VERSION INFORMATION:
	TNS for MacOS X Server: Version 10.2.0.4.0 - Production
	TCP/IP NT Protocol Adapter for MacOS X Server: Version 10.2.0.4.0 - Production
  Time: 24-JAN-2012 11:24:58
  Tracing not turned on.
  Tns error struct:
    ns main err code: 12564
    TNS-12564: Message 12564 not found; No message file for product=network, facility=TNS
    ns secondary err code: 0
    nt main err code: 0
    nt secondary err code: 0
    nt OS err code: 0


***********************************************************************
Fatal NI connect error 12514, connecting to:
 (DESCRIPTION=(ADDRESS=(PROTOCOL=TCP)(HOST=dm02-scan)(PORT=1521))(CONNECT_DATA=(SERVICE_NAME=drclient.targetbase.pvt)(CID=(PROGRAM=sqlplus)(HOST=Andys-MacBook-Pro-3.local)(USER=acolvin))))

  VERSION INFORMATION:
	TNS for MacOS X Server: Version 10.2.0.4.0 - Production
	TCP/IP NT Protocol Adapter for MacOS X Server: Version 10.2.0.4.0 - Production
  Time: 24-JAN-2012 11:25:03
  Tracing not turned on.
  Tns error struct:
    ns main err code: 12564
    TNS-12564: Message 12564 not found; No message file for product=network, facility=TNS
    ns secondary err code: 0
    nt main err code: 0
    nt secondary err code: 0
    nt OS err code: 0


***********************************************************************
Fatal NI connect error 12514, connecting to:
 (DESCRIPTION=(ADDRESS=(PROTOCOL=TCP)(HOST=dm02-scan)(PORT=1521))(CONNECT_DATA=(SERVICE_NAME=drclient.targetbase.pvt)(CID=(PROGRAM=sqlplus)(HOST=Andys-MacBook-Pro-3.local)(USER=acolvin))))

  VERSION INFORMATION:
	TNS for MacOS X Server: Version 10.2.0.4.0 - Production
	TCP/IP NT Protocol Adapter for MacOS X Server: Version 10.2.0.4.0 - Production
  Time: 24-JAN-2012 11:25:08
  Tracing not turned on.
  Tns error struct:
    ns main err code: 12564
    TNS-12564: Message 12564 not found; No message file for product=network, facility=TNS
    ns secondary err code: 0
    nt main err code: 0
    nt secondary err code: 0
    nt OS err code: 0


***********************************************************************
Fatal NI connect error 12514, connecting to:
 (DESCRIPTION=(ADDRESS=(PROTOCOL=TCP)(HOST=dm02-scan)(PORT=1521))(CONNECT_DATA=(SERVICE_NAME=drclient.targetbase.pvt)(CID=(PROGRAM=sqlplus)(HOST=Andys-MacBook-Pro-3.local)(USER=acolvin))))

  VERSION INFORMATION:
	TNS for MacOS X Server: Version 10.2.0.4.0 - Production
	TCP/IP NT Protocol Adapter for MacOS X Server: Version 10.2.0.4.0 - Production
  Time: 24-JAN-2012 11:25:13
  Tracing not turned on.
  Tns error struct:
    ns main err code: 12564
    TNS-12564: Message 12564 not found; No message file for product=network, facility=TNS
    ns secondary err code: 0
    nt main err code: 0
    nt secondary err code: 0
    nt OS err code: 0


***********************************************************************
Fatal NI connect error 12514, connecting to:
 (DESCRIPTION=(ADDRESS=(PROTOCOL=TCP)(HOST=dm02-scan)(PORT=1521))(CONNECT_DATA=(SERVICE_NAME=drclient.targetbase.pvt)(CID=(PROGRAM=sqlplus)(HOST=Andys-MacBook-Pro-3.local)(USER=acolvin))))

  VERSION INFORMATION:
	TNS for MacOS X Server: Version 10.2.0.4.0 - Production
	TCP/IP NT Protocol Adapter for MacOS X Server: Version 10.2.0.4.0 - Production
  Time: 24-JAN-2012 11:25:18
  Tracing not turned on.
  Tns error struct:
    ns main err code: 12564
    TNS-12564: Message 12564 not found; No message file for product=network, facility=TNS
    ns secondary err code: 0
    nt main err code: 0
    nt secondary err code: 0
    nt OS err code: 0


***********************************************************************
Fatal NI connect error 12514, connecting to:
 (DESCRIPTION=(ADDRESS=(PROTOCOL=TCP)(HOST=dm02-scan)(PORT=1521))(CONNECT_DATA=(SERVICE_NAME=drclient.targetbase.pvt)(CID=(PROGRAM=sqlplus)(HOST=Andys-MacBook-Pro-3.local)(USER=acolvin))))

  VERSION INFORMATION:
	TNS for MacOS X Server: Version 10.2.0.4.0 - Production
	TCP/IP NT Protocol Adapter for MacOS X Server: Version 10.2.0.4.0 - Production
  Time: 24-JAN-2012 11:25:23
  Tracing not turned on.
  Tns error struct:
    ns main err code: 12564
    TNS-12564: Message 12564 not found; No message file for product=network, facility=TNS
    ns secondary err code: 0
    nt main err code: 0
    nt secondary err code: 0
    nt OS err code: 0


***********************************************************************
Fatal NI connect error 12514, connecting to:
 (DESCRIPTION=(ADDRESS=(PROTOCOL=TCP)(HOST=dm02-scan)(PORT=1521))(CONNECT_DATA=(SERVICE_NAME=drclient.targetbase.pvt)(CID=(PROGRAM=sqlplus)(HOST=Andys-MacBook-Pro-3.local)(USER=acolvin))))

  VERSION INFORMATION:
	TNS for MacOS X Server: Version 10.2.0.4.0 - Production
	TCP/IP NT Protocol Adapter for MacOS X Server: Version 10.2.0.4.0 - Production
  Time: 24-JAN-2012 11:25:28
  Tracing not turned on.
  Tns error struct:
    ns main err code: 12564
    TNS-12564: Message 12564 not found; No message file for product=network, facility=TNS
    ns secondary err code: 0
    nt main err code: 0
    nt secondary err code: 0
    nt OS err code: 0


***********************************************************************
Fatal NI connect error 12514, connecting to:
 (DESCRIPTION=(ADDRESS=(PROTOCOL=TCP)(HOST=dm02-scan)(PORT=1521))(CONNECT_DATA=(SERVICE_NAME=drclient.targetbase.pvt)(CID=(PROGRAM=sqlplus)(HOST=Andys-MacBook-Pro-3.local)(USER=acolvin))))

  VERSION INFORMATION:
	TNS for MacOS X Server: Version 10.2.0.4.0 - Production
	TCP/IP NT Protocol Adapter for MacOS X Server: Version 10.2.0.4.0 - Production
  Time: 24-JAN-2012 11:25:33
  Tracing not turned on.
  Tns error struct:
    ns main err code: 12564
    TNS-12564: Message 12564 not found; No message file for product=network, facility=TNS
    ns secondary err code: 0
    nt main err code: 0
    nt secondary err code: 0
    nt OS err code: 0


***********************************************************************
Fatal NI connect error 12514, connecting to:
 (DESCRIPTION=(ADDRESS=(PROTOCOL=TCP)(HOST=dm02-scan)(PORT=1521))(CONNECT_DATA=(SERVICE_NAME=drclient.targetbase.pvt)(CID=(PROGRAM=sqlplus)(HOST=Andys-MacBook-Pro-3.local)(USER=acolvin))))

  VERSION INFORMATION:
	TNS for MacOS X Server: Version 10.2.0.4.0 - Production
	TCP/IP NT Protocol Adapter for MacOS X Server: Version 10.2.0.4.0 - Production
  Time: 24-JAN-2012 11:25:38
  Tracing not turned on.
  Tns error struct:
    ns main err code: 12564
    TNS-12564: Message 12564 not found; No message file for product=network, facility=TNS
    ns secondary err code: 0
    nt main err code: 0
    nt secondary err code: 0
    nt OS err code: 0


***********************************************************************
Fatal NI connect error 12514, connecting to:
 (DESCRIPTION=(ADDRESS=(PROTOCOL=TCP)(HOST=dm02-scan)(PORT=1521))(CONNECT_DATA=(SERVICE_NAME=drclient.targetbase.pvt)(CID=(PROGRAM=sqlplus)(HOST=Andys-MacBook-Pro-3.local)(USER=acolvin))))

  VERSION INFORMATION:
	TNS for MacOS X Server: Version 10.2.0.4.0 - Production
	TCP/IP NT Protocol Adapter for MacOS X Server: Version 10.2.0.4.0 - Production
  Time: 24-JAN-2012 11:25:43
  Tracing not turned on.
  Tns error struct:
    ns main err code: 12564
    TNS-12564: Message 12564 not found; No message file for product=network, facility=TNS
    ns secondary err code: 0
    nt main err code: 0
    nt secondary err code: 0
    nt OS err code: 0


***********************************************************************
Fatal NI connect error 12514, connecting to:
 (DESCRIPTION=(ADDRESS=(PROTOCOL=TCP)(HOST=dm02-scan)(PORT=1521))(CONNECT_DATA=(SERVICE_NAME=drclient.targetbase.pvt)(CID=(PROGRAM=sqlplus)(HOST=Andys-MacBook-Pro-3.local)(USER=acolvin))))

  VERSION INFORMATION:
	TNS for MacOS X Server: Version 10.2.0.4.0 - Production
	TCP/IP NT Protocol Adapter for MacOS X Server: Version 10.2.0.4.0 - Production
  Time: 24-JAN-2012 11:25:48
  Tracing not turned on.
  Tns error struct:
    ns main err code: 12564
    TNS-12564: Message 12564 not found; No message file for product=network, facility=TNS
    ns secondary err code: 0
    nt main err code: 0
    nt secondary err code: 0
    nt OS err code: 0


***********************************************************************
Fatal NI connect error 12514, connecting to:
 (DESCRIPTION=(ADDRESS=(PROTOCOL=TCP)(HOST=dm02-scan)(PORT=1521))(CONNECT_DATA=(SERVICE_NAME=drclient.targetbase.pvt)(CID=(PROGRAM=sqlplus)(HOST=Andys-MacBook-Pro-3.local)(USER=acolvin))))

  VERSION INFORMATION:
	TNS for MacOS X Server: Version 10.2.0.4.0 - Production
	TCP/IP NT Protocol Adapter for MacOS X Server: Version 10.2.0.4.0 - Production
  Time: 24-JAN-2012 11:25:53
  Tracing not turned on.
  Tns error struct:
    ns main err code: 12564
    TNS-12564: Message 12564 not found; No message file for product=network, facility=TNS
    ns secondary err code: 0
    nt main err code: 0
    nt secondary err code: 0
    nt OS err code: 0


***********************************************************************
Fatal NI connect error 12514, connecting to:
 (DESCRIPTION=(ADDRESS=(PROTOCOL=TCP)(HOST=dm02-scan)(PORT=1521))(CONNECT_DATA=(SERVICE_NAME=drclient.targetbase.pvt)(CID=(PROGRAM=sqlplus)(HOST=Andys-MacBook-Pro-3.local)(USER=acolvin))))

  VERSION INFORMATION:
	TNS for MacOS X Server: Version 10.2.0.4.0 - Production
	TCP/IP NT Protocol Adapter for MacOS X Server: Version 10.2.0.4.0 - Production
  Time: 24-JAN-2012 11:25:58
  Tracing not turned on.
  Tns error struct:
    ns main err code: 12564
    TNS-12564: Message 12564 not found; No message file for product=network, facility=TNS
    ns secondary err code: 0
    nt main err code: 0
    nt secondary err code: 0
    nt OS err code: 0


***********************************************************************
Fatal NI connect error 12514, connecting to:
 (DESCRIPTION=(ADDRESS=(PROTOCOL=TCP)(HOST=dm02-scan)(PORT=1521))(CONNECT_DATA=(SERVICE_NAME=drclient.targetbase.pvt)(CID=(PROGRAM=sqlplus)(HOST=Andys-MacBook-Pro-3.local)(USER=acolvin))))

  VERSION INFORMATION:
	TNS for MacOS X Server: Version 10.2.0.4.0 - Production
	TCP/IP NT Protocol Adapter for MacOS X Server: Version 10.2.0.4.0 - Production
  Time: 24-JAN-2012 11:26:03
  Tracing not turned on.
  Tns error struct:
    ns main err code: 12564
    TNS-12564: Message 12564 not found; No message file for product=network, facility=TNS
    ns secondary err code: 0
    nt main err code: 0
    nt secondary err code: 0
    nt OS err code: 0


***********************************************************************
Fatal NI connect error 12514, connecting to:
 (DESCRIPTION=(ADDRESS=(PROTOCOL=TCP)(HOST=dm02-scan)(PORT=1521))(CONNECT_DATA=(SERVICE_NAME=drclient.targetbase.pvt)(CID=(PROGRAM=sqlplus)(HOST=Andys-MacBook-Pro-3.local)(USER=acolvin))))

  VERSION INFORMATION:
	TNS for MacOS X Server: Version 10.2.0.4.0 - Production
	TCP/IP NT Protocol Adapter for MacOS X Server: Version 10.2.0.4.0 - Production
  Time: 24-JAN-2012 11:26:08
  Tracing not turned on.
  Tns error struct:
    ns main err code: 12564
    TNS-12564: Message 12564 not found; No message file for product=network, facility=TNS
    ns secondary err code: 0
    nt main err code: 0
    nt secondary err code: 0
    nt OS err code: 0


***********************************************************************
Fatal NI connect error 12514, connecting to:
 (DESCRIPTION=(ADDRESS=(PROTOCOL=TCP)(HOST=dm02-scan)(PORT=1521))(CONNECT_DATA=(SERVICE_NAME=drclient.targetbase.pvt)(CID=(PROGRAM=sqlplus)(HOST=Andys-MacBook-Pro-3.local)(USER=acolvin))))

  VERSION INFORMATION:
	TNS for MacOS X Server: Version 10.2.0.4.0 - Production
	TCP/IP NT Protocol Adapter for MacOS X Server: Version 10.2.0.4.0 - Production
  Time: 24-JAN-2012 11:26:13
  Tracing not turned on.
  Tns error struct:
    ns main err code: 12564
    TNS-12564: Message 12564 not found; No message file for product=network, facility=TNS
    ns secondary err code: 0
    nt main err code: 0
    nt secondary err code: 0
    nt OS err code: 0


***********************************************************************
Fatal NI connect error 12514, connecting to:
 (DESCRIPTION=(ADDRESS=(PROTOCOL=TCP)(HOST=dm02-scan)(PORT=1521))(CONNECT_DATA=(SERVICE_NAME=drclient.targetbase.pvt)(CID=(PROGRAM=sqlplus)(HOST=Andys-MacBook-Pro-3.local)(USER=acolvin))))

  VERSION INFORMATION:
	TNS for MacOS X Server: Version 10.2.0.4.0 - Production
	TCP/IP NT Protocol Adapter for MacOS X Server: Version 10.2.0.4.0 - Production
  Time: 24-JAN-2012 11:26:18
  Tracing not turned on.
  Tns error struct:
    ns main err code: 12564
    TNS-12564: Message 12564 not found; No message file for product=network, facility=TNS
    ns secondary err code: 0
    nt main err code: 0
    nt secondary err code: 0
    nt OS err code: 0


***********************************************************************
Fatal NI connect error 12514, connecting to:
 (DESCRIPTION=(ADDRESS=(PROTOCOL=TCP)(HOST=dm02-scan)(PORT=1521))(CONNECT_DATA=(SERVICE_NAME=drclient.targetbase.pvt)(CID=(PROGRAM=sqlplus)(HOST=Andys-MacBook-Pro-3.local)(USER=acolvin))))

  VERSION INFORMATION:
	TNS for MacOS X Server: Version 10.2.0.4.0 - Production
	TCP/IP NT Protocol Adapter for MacOS X Server: Version 10.2.0.4.0 - Production
  Time: 24-JAN-2012 11:26:23
  Tracing not turned on.
  Tns error struct:
    ns main err code: 12564
    TNS-12564: Message 12564 not found; No message file for product=network, facility=TNS
    ns secondary err code: 0
    nt main err code: 0
    nt secondary err code: 0
    nt OS err code: 0


***********************************************************************
Fatal NI connect error 12514, connecting to:
 (DESCRIPTION=(ADDRESS=(PROTOCOL=TCP)(HOST=dm02-scan)(PORT=1521))(CONNECT_DATA=(SERVICE_NAME=drclient.targetbase.pvt)(CID=(PROGRAM=sqlplus)(HOST=Andys-MacBook-Pro-3.local)(USER=acolvin))))

  VERSION INFORMATION:
	TNS for MacOS X Server: Version 10.2.0.4.0 - Production
	TCP/IP NT Protocol Adapter for MacOS X Server: Version 10.2.0.4.0 - Production
  Time: 24-JAN-2012 11:26:28
  Tracing not turned on.
  Tns error struct:
    ns main err code: 12564
    TNS-12564: Message 12564 not found; No message file for product=network, facility=TNS
    ns secondary err code: 0
    nt main err code: 0
    nt secondary err code: 0
    nt OS err code: 0


***********************************************************************
Fatal NI connect error 12514, connecting to:
 (DESCRIPTION=(ADDRESS=(PROTOCOL=TCP)(HOST=dm02-scan)(PORT=1521))(CONNECT_DATA=(SERVICE_NAME=drclient.targetbase.pvt)(CID=(PROGRAM=sqlplus)(HOST=Andys-MacBook-Pro-3.local)(USER=acolvin))))

  VERSION INFORMATION:
	TNS for MacOS X Server: Version 10.2.0.4.0 - Production
	TCP/IP NT Protocol Adapter for MacOS X Server: Version 10.2.0.4.0 - Production
  Time: 24-JAN-2012 11:26:33
  Tracing not turned on.
  Tns error struct:
    ns main err code: 12564
    TNS-12564: Message 12564 not found; No message file for product=network, facility=TNS
    ns secondary err code: 0
    nt main err code: 0
    nt secondary err code: 0
    nt OS err code: 0


***********************************************************************
Fatal NI connect error 12514, connecting to:
 (DESCRIPTION=(ADDRESS=(PROTOCOL=TCP)(HOST=dm02-scan)(PORT=1521))(CONNECT_DATA=(SERVICE_NAME=drclient.targetbase.pvt)(CID=(PROGRAM=sqlplus)(HOST=Andys-MacBook-Pro-3.local)(USER=acolvin))))

  VERSION INFORMATION:
	TNS for MacOS X Server: Version 10.2.0.4.0 - Production
	TCP/IP NT Protocol Adapter for MacOS X Server: Version 10.2.0.4.0 - Production
  Time: 24-JAN-2012 11:26:38
  Tracing not turned on.
  Tns error struct:
    ns main err code: 12564
    TNS-12564: Message 12564 not found; No message file for product=network, facility=TNS
    ns secondary err code: 0
    nt main err code: 0
    nt secondary err code: 0
    nt OS err code: 0


***********************************************************************
Fatal NI connect error 12514, connecting to:
 (DESCRIPTION=(ADDRESS=(PROTOCOL=TCP)(HOST=dm02-scan)(PORT=1521))(CONNECT_DATA=(SERVICE_NAME=drclient.targetbase.pvt)(CID=(PROGRAM=sqlplus)(HOST=Andys-MacBook-Pro-3.local)(USER=acolvin))))

  VERSION INFORMATION:
	TNS for MacOS X Server: Version 10.2.0.4.0 - Production
	TCP/IP NT Protocol Adapter for MacOS X Server: Version 10.2.0.4.0 - Production
  Time: 24-JAN-2012 11:26:43
  Tracing not turned on.
  Tns error struct:
    ns main err code: 12564
    TNS-12564: Message 12564 not found; No message file for product=network, facility=TNS
    ns secondary err code: 0
    nt main err code: 0
    nt secondary err code: 0
    nt OS err code: 0


***********************************************************************
Fatal NI connect error 12514, connecting to:
 (DESCRIPTION=(ADDRESS=(PROTOCOL=TCP)(HOST=dm02-scan)(PORT=1521))(CONNECT_DATA=(SERVICE_NAME=drclient.targetbase.pvt)(CID=(PROGRAM=sqlplus)(HOST=Andys-MacBook-Pro-3.local)(USER=acolvin))))

  VERSION INFORMATION:
	TNS for MacOS X Server: Version 10.2.0.4.0 - Production
	TCP/IP NT Protocol Adapter for MacOS X Server: Version 10.2.0.4.0 - Production
  Time: 24-JAN-2012 11:26:48
  Tracing not turned on.
  Tns error struct:
    ns main err code: 12564
    TNS-12564: Message 12564 not found; No message file for product=network, facility=TNS
    ns secondary err code: 0
    nt main err code: 0
    nt secondary err code: 0
    nt OS err code: 0


***********************************************************************
Fatal NI connect error 12514, connecting to:
 (DESCRIPTION=(ADDRESS=(PROTOCOL=TCP)(HOST=dm02-scan)(PORT=1521))(CONNECT_DATA=(SERVICE_NAME=drclient.targetbase.pvt)(CID=(PROGRAM=sqlplus)(HOST=Andys-MacBook-Pro-3.local)(USER=acolvin))))

  VERSION INFORMATION:
	TNS for MacOS X Server: Version 10.2.0.4.0 - Production
	TCP/IP NT Protocol Adapter for MacOS X Server: Version 10.2.0.4.0 - Production
  Time: 24-JAN-2012 11:26:53
  Tracing not turned on.
  Tns error struct:
    ns main err code: 12564
    TNS-12564: Message 12564 not found; No message file for product=network, facility=TNS
    ns secondary err code: 0
    nt main err code: 0
    nt secondary err code: 0
    nt OS err code: 0


***********************************************************************
Fatal NI connect error 12514, connecting to:
 (DESCRIPTION=(ADDRESS=(PROTOCOL=TCP)(HOST=dm02-scan)(PORT=1521))(CONNECT_DATA=(SERVICE_NAME=drclient.targetbase.pvt)(CID=(PROGRAM=sqlplus)(HOST=Andys-MacBook-Pro-3.local)(USER=acolvin))))

  VERSION INFORMATION:
	TNS for MacOS X Server: Version 10.2.0.4.0 - Production
	TCP/IP NT Protocol Adapter for MacOS X Server: Version 10.2.0.4.0 - Production
  Time: 24-JAN-2012 11:26:58
  Tracing not turned on.
  Tns error struct:
    ns main err code: 12564
    TNS-12564: Message 12564 not found; No message file for product=network, facility=TNS
    ns secondary err code: 0
    nt main err code: 0
    nt secondary err code: 0
    nt OS err code: 0


***********************************************************************
Fatal NI connect error 12514, connecting to:
 (DESCRIPTION=(ADDRESS=(PROTOCOL=TCP)(HOST=dm02-scan)(PORT=1521))(CONNECT_DATA=(SERVICE_NAME=drclient.targetbase.pvt)(CID=(PROGRAM=sqlplus)(HOST=Andys-MacBook-Pro-3.local)(USER=acolvin))))

  VERSION INFORMATION:
	TNS for MacOS X Server: Version 10.2.0.4.0 - Production
	TCP/IP NT Protocol Adapter for MacOS X Server: Version 10.2.0.4.0 - Production
  Time: 24-JAN-2012 11:27:03
  Tracing not turned on.
  Tns error struct:
    ns main err code: 12564
    TNS-12564: Message 12564 not found; No message file for product=network, facility=TNS
    ns secondary err code: 0
    nt main err code: 0
    nt secondary err code: 0
    nt OS err code: 0


***********************************************************************
Fatal NI connect error 12514, connecting to:
 (DESCRIPTION=(ADDRESS=(PROTOCOL=TCP)(HOST=dm02-scan)(PORT=1521))(CONNECT_DATA=(SERVICE_NAME=drclient.targetbase.pvt)(CID=(PROGRAM=sqlplus)(HOST=Andys-MacBook-Pro-3.local)(USER=acolvin))))

  VERSION INFORMATION:
	TNS for MacOS X Server: Version 10.2.0.4.0 - Production
	TCP/IP NT Protocol Adapter for MacOS X Server: Version 10.2.0.4.0 - Production
  Time: 24-JAN-2012 11:27:08
  Tracing not turned on.
  Tns error struct:
    ns main err code: 12564
    TNS-12564: Message 12564 not found; No message file for product=network, facility=TNS
    ns secondary err code: 0
    nt main err code: 0
    nt secondary err code: 0
    nt OS err code: 0


***********************************************************************
Fatal NI connect error 12514, connecting to:
 (DESCRIPTION=(ADDRESS=(PROTOCOL=TCP)(HOST=dm02-scan)(PORT=1521))(CONNECT_DATA=(SERVICE_NAME=drclient.targetbase.pvt)(CID=(PROGRAM=sqlplus)(HOST=Andys-MacBook-Pro-3.local)(USER=acolvin))))

  VERSION INFORMATION:
	TNS for MacOS X Server: Version 10.2.0.4.0 - Production
	TCP/IP NT Protocol Adapter for MacOS X Server: Version 10.2.0.4.0 - Production
  Time: 24-JAN-2012 11:27:13
  Tracing not turned on.
  Tns error struct:
    ns main err code: 12564
    TNS-12564: Message 12564 not found; No message file for product=network, facility=TNS
    ns secondary err code: 0
    nt main err code: 0
    nt secondary err code: 0
    nt OS err code: 0


***********************************************************************
Fatal NI connect error 12514, connecting to:
 (DESCRIPTION=(ADDRESS=(PROTOCOL=TCP)(HOST=dm02-scan)(PORT=1521))(CONNECT_DATA=(SERVICE_NAME=drclient.targetbase.pvt)(CID=(PROGRAM=sqlplus)(HOST=Andys-MacBook-Pro-3.local)(USER=acolvin))))

  VERSION INFORMATION:
	TNS for MacOS X Server: Version 10.2.0.4.0 - Production
	TCP/IP NT Protocol Adapter for MacOS X Server: Version 10.2.0.4.0 - Production
  Time: 24-JAN-2012 11:27:18
  Tracing not turned on.
  Tns error struct:
    ns main err code: 12564
    TNS-12564: Message 12564 not found; No message file for product=network, facility=TNS
    ns secondary err code: 0
    nt main err code: 0
    nt secondary err code: 0
    nt OS err code: 0


***********************************************************************
Fatal NI connect error 12514, connecting to:
 (DESCRIPTION=(ADDRESS=(PROTOCOL=TCP)(HOST=dm02-scan)(PORT=1521))(CONNECT_DATA=(SERVICE_NAME=drclient.targetbase.pvt)(CID=(PROGRAM=sqlplus)(HOST=Andys-MacBook-Pro-3.local)(USER=acolvin))))

  VERSION INFORMATION:
	TNS for MacOS X Server: Version 10.2.0.4.0 - Production
	TCP/IP NT Protocol Adapter for MacOS X Server: Version 10.2.0.4.0 - Production
  Time: 24-JAN-2012 11:27:23
  Tracing not turned on.
  Tns error struct:
    ns main err code: 12564
    TNS-12564: Message 12564 not found; No message file for product=network, facility=TNS
    ns secondary err code: 0
    nt main err code: 0
    nt secondary err code: 0
    nt OS err code: 0


***********************************************************************
Fatal NI connect error 12514, connecting to:
 (DESCRIPTION=(ADDRESS=(PROTOCOL=TCP)(HOST=dm02-scan)(PORT=1521))(CONNECT_DATA=(SERVICE_NAME=drclient.targetbase.pvt)(CID=(PROGRAM=sqlplus)(HOST=Andys-MacBook-Pro-3.local)(USER=acolvin))))

  VERSION INFORMATION:
	TNS for MacOS X Server: Version 10.2.0.4.0 - Production
	TCP/IP NT Protocol Adapter for MacOS X Server: Version 10.2.0.4.0 - Production
  Time: 24-JAN-2012 11:27:28
  Tracing not turned on.
  Tns error struct:
    ns main err code: 12564
    TNS-12564: Message 12564 not found; No message file for product=network, facility=TNS
    ns secondary err code: 0
    nt main err code: 0
    nt secondary err code: 0
    nt OS err code: 0


***********************************************************************
Fatal NI connect error 12514, connecting to:
 (DESCRIPTION=(ADDRESS=(PROTOCOL=TCP)(HOST=dm02-scan)(PORT=1521))(CONNECT_DATA=(SERVICE_NAME=drclient.targetbase.pvt)(CID=(PROGRAM=sqlplus)(HOST=Andys-MacBook-Pro-3.local)(USER=acolvin))))

  VERSION INFORMATION:
	TNS for MacOS X Server: Version 10.2.0.4.0 - Production
	TCP/IP NT Protocol Adapter for MacOS X Server: Version 10.2.0.4.0 - Production
  Time: 24-JAN-2012 11:27:33
  Tracing not turned on.
  Tns error struct:
    ns main err code: 12564
    TNS-12564: Message 12564 not found; No message file for product=network, facility=TNS
    ns secondary err code: 0
    nt main err code: 0
    nt secondary err code: 0
    nt OS err code: 0


***********************************************************************
Fatal NI connect error 12514, connecting to:
 (DESCRIPTION=(ADDRESS=(PROTOCOL=TCP)(HOST=dm02-scan)(PORT=1521))(CONNECT_DATA=(SERVICE_NAME=drclient.targetbase.pvt)(CID=(PROGRAM=sqlplus)(HOST=Andys-MacBook-Pro-3.local)(USER=acolvin))))

  VERSION INFORMATION:
	TNS for MacOS X Server: Version 10.2.0.4.0 - Production
	TCP/IP NT Protocol Adapter for MacOS X Server: Version 10.2.0.4.0 - Production
  Time: 24-JAN-2012 11:27:38
  Tracing not turned on.
  Tns error struct:
    ns main err code: 12564
    TNS-12564: Message 12564 not found; No message file for product=network, facility=TNS
    ns secondary err code: 0
    nt main err code: 0
    nt secondary err code: 0
    nt OS err code: 0


***********************************************************************
Fatal NI connect error 12514, connecting to:
 (DESCRIPTION=(ADDRESS=(PROTOCOL=TCP)(HOST=dm02-scan)(PORT=1521))(CONNECT_DATA=(SERVICE_NAME=drclient.targetbase.pvt)(CID=(PROGRAM=sqlplus)(HOST=Andys-MacBook-Pro-3.local)(USER=acolvin))))

  VERSION INFORMATION:
	TNS for MacOS X Server: Version 10.2.0.4.0 - Production
	TCP/IP NT Protocol Adapter for MacOS X Server: Version 10.2.0.4.0 - Production
  Time: 24-JAN-2012 11:27:43
  Tracing not turned on.
  Tns error struct:
    ns main err code: 12564
    TNS-12564: Message 12564 not found; No message file for product=network, facility=TNS
    ns secondary err code: 0
    nt main err code: 0
    nt secondary err code: 0
    nt OS err code: 0


***********************************************************************
Fatal NI connect error 12514, connecting to:
 (DESCRIPTION=(ADDRESS=(PROTOCOL=TCP)(HOST=dm02-scan)(PORT=1521))(CONNECT_DATA=(SERVICE_NAME=drclient.targetbase.pvt)(CID=(PROGRAM=sqlplus)(HOST=Andys-MacBook-Pro-3.local)(USER=acolvin))))

  VERSION INFORMATION:
	TNS for MacOS X Server: Version 10.2.0.4.0 - Production
	TCP/IP NT Protocol Adapter for MacOS X Server: Version 10.2.0.4.0 - Production
  Time: 24-JAN-2012 11:27:48
  Tracing not turned on.
  Tns error struct:
    ns main err code: 12564
    TNS-12564: Message 12564 not found; No message file for product=network, facility=TNS
    ns secondary err code: 0
    nt main err code: 0
    nt secondary err code: 0
    nt OS err code: 0


***********************************************************************
Fatal NI connect error 12514, connecting to:
 (DESCRIPTION=(ADDRESS=(PROTOCOL=TCP)(HOST=dm02-scan)(PORT=1521))(CONNECT_DATA=(SERVICE_NAME=drclient.targetbase.pvt)(CID=(PROGRAM=sqlplus)(HOST=Andys-MacBook-Pro-3.local)(USER=acolvin))))

  VERSION INFORMATION:
	TNS for MacOS X Server: Version 10.2.0.4.0 - Production
	TCP/IP NT Protocol Adapter for MacOS X Server: Version 10.2.0.4.0 - Production
  Time: 24-JAN-2012 11:27:53
  Tracing not turned on.
  Tns error struct:
    ns main err code: 12564
    TNS-12564: Message 12564 not found; No message file for product=network, facility=TNS
    ns secondary err code: 0
    nt main err code: 0
    nt secondary err code: 0
    nt OS err code: 0


***********************************************************************
Fatal NI connect error 12514, connecting to:
 (DESCRIPTION=(ADDRESS=(PROTOCOL=TCP)(HOST=dm02-scan)(PORT=1521))(CONNECT_DATA=(SERVICE_NAME=drclient.targetbase.pvt)(CID=(PROGRAM=sqlplus)(HOST=Andys-MacBook-Pro-3.local)(USER=acolvin))))

  VERSION INFORMATION:
	TNS for MacOS X Server: Version 10.2.0.4.0 - Production
	TCP/IP NT Protocol Adapter for MacOS X Server: Version 10.2.0.4.0 - Production
  Time: 24-JAN-2012 11:27:58
  Tracing not turned on.
  Tns error struct:
    ns main err code: 12564
    TNS-12564: Message 12564 not found; No message file for product=network, facility=TNS
    ns secondary err code: 0
    nt main err code: 0
    nt secondary err code: 0
    nt OS err code: 0


***********************************************************************
Fatal NI connect error 12514, connecting to:
 (DESCRIPTION=(ADDRESS=(PROTOCOL=TCP)(HOST=dm02-scan)(PORT=1521))(CONNECT_DATA=(SERVICE_NAME=drclient.targetbase.pvt)(CID=(PROGRAM=sqlplus)(HOST=Andys-MacBook-Pro-3.local)(USER=acolvin))))

  VERSION INFORMATION:
	TNS for MacOS X Server: Version 10.2.0.4.0 - Production
	TCP/IP NT Protocol Adapter for MacOS X Server: Version 10.2.0.4.0 - Production
  Time: 24-JAN-2012 11:28:03
  Tracing not turned on.
  Tns error struct:
    ns main err code: 12564
    TNS-12564: Message 12564 not found; No message file for product=network, facility=TNS
    ns secondary err code: 0
    nt main err code: 0
    nt secondary err code: 0
    nt OS err code: 0


***********************************************************************
Fatal NI connect error 12514, connecting to:
 (DESCRIPTION=(ADDRESS=(PROTOCOL=TCP)(HOST=dm02-scan)(PORT=1521))(CONNECT_DATA=(SERVICE_NAME=drclient.targetbase.pvt)(CID=(PROGRAM=sqlplus)(HOST=Andys-MacBook-Pro-3.local)(USER=acolvin))))

  VERSION INFORMATION:
	TNS for MacOS X Server: Version 10.2.0.4.0 - Production
	TCP/IP NT Protocol Adapter for MacOS X Server: Version 10.2.0.4.0 - Production
  Time: 24-JAN-2012 11:28:08
  Tracing not turned on.
  Tns error struct:
    ns main err code: 12564
    TNS-12564: Message 12564 not found; No message file for product=network, facility=TNS
    ns secondary err code: 0
    nt main err code: 0
    nt secondary err code: 0
    nt OS err code: 0


***********************************************************************
Fatal NI connect error 12514, connecting to:
 (DESCRIPTION=(ADDRESS=(PROTOCOL=TCP)(HOST=dm02-scan)(PORT=1521))(CONNECT_DATA=(SERVICE_NAME=drclient.targetbase.pvt)(CID=(PROGRAM=sqlplus)(HOST=Andys-MacBook-Pro-3.local)(USER=acolvin))))

  VERSION INFORMATION:
	TNS for MacOS X Server: Version 10.2.0.4.0 - Production
	TCP/IP NT Protocol Adapter for MacOS X Server: Version 10.2.0.4.0 - Production
  Time: 24-JAN-2012 11:28:13
  Tracing not turned on.
  Tns error struct:
    ns main err code: 12564
    TNS-12564: Message 12564 not found; No message file for product=network, facility=TNS
    ns secondary err code: 0
    nt main err code: 0
    nt secondary err code: 0
    nt OS err code: 0


***********************************************************************
Fatal NI connect error 12514, connecting to:
 (DESCRIPTION=(ADDRESS=(PROTOCOL=TCP)(HOST=dm02-scan)(PORT=1521))(CONNECT_DATA=(SERVICE_NAME=drclient.targetbase.pvt)(CID=(PROGRAM=sqlplus)(HOST=Andys-MacBook-Pro-3.local)(USER=acolvin))))

  VERSION INFORMATION:
	TNS for MacOS X Server: Version 10.2.0.4.0 - Production
	TCP/IP NT Protocol Adapter for MacOS X Server: Version 10.2.0.4.0 - Production
  Time: 24-JAN-2012 11:28:18
  Tracing not turned on.
  Tns error struct:
    ns main err code: 12564
    TNS-12564: Message 12564 not found; No message file for product=network, facility=TNS
    ns secondary err code: 0
    nt main err code: 0
    nt secondary err code: 0
    nt OS err code: 0


***********************************************************************
Fatal NI connect error 12514, connecting to:
 (DESCRIPTION=(ADDRESS=(PROTOCOL=TCP)(HOST=dm02-scan)(PORT=1521))(CONNECT_DATA=(SERVICE_NAME=drclient.targetbase.pvt)(CID=(PROGRAM=sqlplus)(HOST=Andys-MacBook-Pro-3.local)(USER=acolvin))))

  VERSION INFORMATION:
	TNS for MacOS X Server: Version 10.2.0.4.0 - Production
	TCP/IP NT Protocol Adapter for MacOS X Server: Version 10.2.0.4.0 - Production
  Time: 24-JAN-2012 11:28:23
  Tracing not turned on.
  Tns error struct:
    ns main err code: 12564
    TNS-12564: Message 12564 not found; No message file for product=network, facility=TNS
    ns secondary err code: 0
    nt main err code: 0
    nt secondary err code: 0
    nt OS err code: 0


***********************************************************************
Fatal NI connect error 12514, connecting to:
 (DESCRIPTION=(ADDRESS=(PROTOCOL=TCP)(HOST=dm02-scan)(PORT=1521))(CONNECT_DATA=(SERVICE_NAME=drclient.targetbase.pvt)(CID=(PROGRAM=sqlplus)(HOST=Andys-MacBook-Pro-3.local)(USER=acolvin))))

  VERSION INFORMATION:
	TNS for MacOS X Server: Version 10.2.0.4.0 - Production
	TCP/IP NT Protocol Adapter for MacOS X Server: Version 10.2.0.4.0 - Production
  Time: 24-JAN-2012 11:28:28
  Tracing not turned on.
  Tns error struct:
    ns main err code: 12564
    TNS-12564: Message 12564 not found; No message file for product=network, facility=TNS
    ns secondary err code: 0
    nt main err code: 0
    nt secondary err code: 0
    nt OS err code: 0


***********************************************************************
Fatal NI connect error 12514, connecting to:
 (DESCRIPTION=(ADDRESS=(PROTOCOL=TCP)(HOST=dm02-scan)(PORT=1521))(CONNECT_DATA=(SERVICE_NAME=drclient.targetbase.pvt)(CID=(PROGRAM=sqlplus)(HOST=Andys-MacBook-Pro-3.local)(USER=acolvin))))

  VERSION INFORMATION:
	TNS for MacOS X Server: Version 10.2.0.4.0 - Production
	TCP/IP NT Protocol Adapter for MacOS X Server: Version 10.2.0.4.0 - Production
  Time: 24-JAN-2012 11:28:33
  Tracing not turned on.
  Tns error struct:
    ns main err code: 12564
    TNS-12564: Message 12564 not found; No message file for product=network, facility=TNS
    ns secondary err code: 0
    nt main err code: 0
    nt secondary err code: 0
    nt OS err code: 0


***********************************************************************
Fatal NI connect error 12514, connecting to:
 (DESCRIPTION=(ADDRESS=(PROTOCOL=TCP)(HOST=dm02-scan)(PORT=1521))(CONNECT_DATA=(SERVICE_NAME=drclient.targetbase.pvt)(CID=(PROGRAM=sqlplus)(HOST=Andys-MacBook-Pro-3.local)(USER=acolvin))))

  VERSION INFORMATION:
	TNS for MacOS X Server: Version 10.2.0.4.0 - Production
	TCP/IP NT Protocol Adapter for MacOS X Server: Version 10.2.0.4.0 - Production
  Time: 24-JAN-2012 11:28:38
  Tracing not turned on.
  Tns error struct:
    ns main err code: 12564
    TNS-12564: Message 12564 not found; No message file for product=network, facility=TNS
    ns secondary err code: 0
    nt main err code: 0
    nt secondary err code: 0
    nt OS err code: 0


***********************************************************************
Fatal NI connect error 12514, connecting to:
 (DESCRIPTION=(ADDRESS=(PROTOCOL=TCP)(HOST=dm02-scan)(PORT=1521))(CONNECT_DATA=(SERVICE_NAME=drclient.targetbase.pvt)(CID=(PROGRAM=sqlplus)(HOST=Andys-MacBook-Pro-3.local)(USER=acolvin))))

  VERSION INFORMATION:
	TNS for MacOS X Server: Version 10.2.0.4.0 - Production
	TCP/IP NT Protocol Adapter for MacOS X Server: Version 10.2.0.4.0 - Production
  Time: 24-JAN-2012 11:28:43
  Tracing not turned on.
  Tns error struct:
    ns main err code: 12564
    TNS-12564: Message 12564 not found; No message file for product=network, facility=TNS
    ns secondary err code: 0
    nt main err code: 0
    nt secondary err code: 0
    nt OS err code: 0


***********************************************************************
Fatal NI connect error 12514, connecting to:
 (DESCRIPTION=(ADDRESS=(PROTOCOL=TCP)(HOST=dm02-scan)(PORT=1521))(CONNECT_DATA=(SERVICE_NAME=drclient.targetbase.pvt)(CID=(PROGRAM=sqlplus)(HOST=Andys-MacBook-Pro-3.local)(USER=acolvin))))

  VERSION INFORMATION:
	TNS for MacOS X Server: Version 10.2.0.4.0 - Production
	TCP/IP NT Protocol Adapter for MacOS X Server: Version 10.2.0.4.0 - Production
  Time: 24-JAN-2012 11:28:48
  Tracing not turned on.
  Tns error struct:
    ns main err code: 12564
    TNS-12564: Message 12564 not found; No message file for product=network, facility=TNS
    ns secondary err code: 0
    nt main err code: 0
    nt secondary err code: 0
    nt OS err code: 0


***********************************************************************
Fatal NI connect error 12514, connecting to:
 (DESCRIPTION=(ADDRESS=(PROTOCOL=TCP)(HOST=dm02-scan)(PORT=1521))(CONNECT_DATA=(SERVICE_NAME=drclient.targetbase.pvt)(CID=(PROGRAM=sqlplus)(HOST=Andys-MacBook-Pro-3.local)(USER=acolvin))))

  VERSION INFORMATION:
	TNS for MacOS X Server: Version 10.2.0.4.0 - Production
	TCP/IP NT Protocol Adapter for MacOS X Server: Version 10.2.0.4.0 - Production
  Time: 24-JAN-2012 11:28:53
  Tracing not turned on.
  Tns error struct:
    ns main err code: 12564
    TNS-12564: Message 12564 not found; No message file for product=network, facility=TNS
    ns secondary err code: 0
    nt main err code: 0
    nt secondary err code: 0
    nt OS err code: 0


***********************************************************************
Fatal NI connect error 12514, connecting to:
 (DESCRIPTION=(ADDRESS=(PROTOCOL=TCP)(HOST=dm02-scan)(PORT=1521))(CONNECT_DATA=(SERVICE_NAME=drclient.targetbase.pvt)(CID=(PROGRAM=sqlplus)(HOST=Andys-MacBook-Pro-3.local)(USER=acolvin))))

  VERSION INFORMATION:
	TNS for MacOS X Server: Version 10.2.0.4.0 - Production
	TCP/IP NT Protocol Adapter for MacOS X Server: Version 10.2.0.4.0 - Production
  Time: 24-JAN-2012 11:28:58
  Tracing not turned on.
  Tns error struct:
    ns main err code: 12564
    TNS-12564: Message 12564 not found; No message file for product=network, facility=TNS
    ns secondary err code: 0
    nt main err code: 0
    nt secondary err code: 0
    nt OS err code: 0


***********************************************************************
Fatal NI connect error 12514, connecting to:
 (DESCRIPTION=(ADDRESS=(PROTOCOL=TCP)(HOST=dm02-scan)(PORT=1521))(CONNECT_DATA=(SERVICE_NAME=drclient.targetbase.pvt)(CID=(PROGRAM=sqlplus)(HOST=Andys-MacBook-Pro-3.local)(USER=acolvin))))

  VERSION INFORMATION:
	TNS for MacOS X Server: Version 10.2.0.4.0 - Production
	TCP/IP NT Protocol Adapter for MacOS X Server: Version 10.2.0.4.0 - Production
  Time: 24-JAN-2012 11:29:03
  Tracing not turned on.
  Tns error struct:
    ns main err code: 12564
    TNS-12564: Message 12564 not found; No message file for product=network, facility=TNS
    ns secondary err code: 0
    nt main err code: 0
    nt secondary err code: 0
    nt OS err code: 0


***********************************************************************
Fatal NI connect error 12514, connecting to:
 (DESCRIPTION=(ADDRESS=(PROTOCOL=TCP)(HOST=dm02-scan)(PORT=1521))(CONNECT_DATA=(SERVICE_NAME=drclient.targetbase.pvt)(CID=(PROGRAM=sqlplus)(HOST=Andys-MacBook-Pro-3.local)(USER=acolvin))))

  VERSION INFORMATION:
	TNS for MacOS X Server: Version 10.2.0.4.0 - Production
	TCP/IP NT Protocol Adapter for MacOS X Server: Version 10.2.0.4.0 - Production
  Time: 24-JAN-2012 11:29:08
  Tracing not turned on.
  Tns error struct:
    ns main err code: 12564
    TNS-12564: Message 12564 not found; No message file for product=network, facility=TNS
    ns secondary err code: 0
    nt main err code: 0
    nt secondary err code: 0
    nt OS err code: 0


***********************************************************************
Fatal NI connect error 12514, connecting to:
 (DESCRIPTION=(ADDRESS=(PROTOCOL=TCP)(HOST=dm02-scan)(PORT=1521))(CONNECT_DATA=(SERVICE_NAME=drclient.targetbase.pvt)(CID=(PROGRAM=sqlplus)(HOST=Andys-MacBook-Pro-3.local)(USER=acolvin))))

  VERSION INFORMATION:
	TNS for MacOS X Server: Version 10.2.0.4.0 - Production
	TCP/IP NT Protocol Adapter for MacOS X Server: Version 10.2.0.4.0 - Production
  Time: 24-JAN-2012 11:29:13
  Tracing not turned on.
  Tns error struct:
    ns main err code: 12564
    TNS-12564: Message 12564 not found; No message file for product=network, facility=TNS
    ns secondary err code: 0
    nt main err code: 0
    nt secondary err code: 0
    nt OS err code: 0
